
============================================================
TSP SOLVER PIPELINE
============================================================
Output directory: results/tsp_pipeline_20260517_114412

============================================================
PROCESSING: France10
============================================================
[1/5] Loading cities from data/fr-10.csv...
✓ 10 cities loaded

[2/5] Running algorithms: knn, 2opt, 3opt, genetic
  [1/4] Running KNN...
results/tsp_pipeline_20260517_114412/France10/France10_knn_results.csv
  [2/4] Running 2OPT...
results/tsp_pipeline_20260517_114412/France10/France10_2opt_results.csv
✓ results/tsp_pipeline_20260517_114412/France10/France10_2opt_comparison.csv
  [3/4] Running 3OPT...
results/tsp_pipeline_20260517_114412/France10/France10_3opt_results.csv
✓ results/tsp_pipeline_20260517_114412/France10/France10_3opt_comparison.csv
  [4/4] Running GENETIC...
results/tsp_pipeline_20260517_114412/France10/France10_genetic_results.csv
✓ results/tsp_pipeline_20260517_114412/France10/France10_genetic_comparison.csv

[3/5] Generating local visualizations...
✓ Saved: results/tsp_pipeline_20260517_114412/France10/France10_best_path.png
✓ Saved: results/tsp_pipeline_20260517_114412/France10/France10_comparison_paths.png
✓ Saved: results/tsp_pipeline_20260517_114412/France10/France10_distances.png
Génération des plots pour France10...
✓ Saved: results/tsp_pipeline_20260517_114412/France10/France10_knn_path.png
✓ Saved: results/tsp_pipeline_20260517_114412/France10/France10_two_opt_path.png
✓ Saved: results/tsp_pipeline_20260517_114412/France10/France10_three_opt_path.png
✓ Saved: results/tsp_pipeline_20260517_114412/France10/France10_ag_path.png
✓ Saved: results/tsp_pipeline_20260517_114412/France10/France10_comparison.png
✓ Saved: results/tsp_pipeline_20260517_114412/France10/France10_distances.png
✓ Tous les plots générés pour France10 dans 'results/tsp_pipeline_20260517_114412/France10'

[4/5] Saving summary...
✓ Summary saved: results/tsp_pipeline_20260517_114412/France10/France10_summary.csv

[5/5] Done

============================================================
PROCESSING: France50
============================================================
[1/5] Loading cities from data/fr-50.csv...
✓ 50 cities loaded

[2/5] Running algorithms: knn, 2opt, 3opt, genetic
  [1/4] Running KNN...
results/tsp_pipeline_20260517_114412/France50/France50_knn_results.csv
  [2/4] Running 2OPT...
results/tsp_pipeline_20260517_114412/France50/France50_2opt_results.csv
✓ results/tsp_pipeline_20260517_114412/France50/France50_2opt_comparison.csv
  [3/4] Running 3OPT...
results/tsp_pipeline_20260517_114412/France50/France50_3opt_results.csv
✓ results/tsp_pipeline_20260517_114412/France50/France50_3opt_comparison.csv
  [4/4] Running GENETIC...
results/tsp_pipeline_20260517_114412/France50/France50_genetic_results.csv
✓ results/tsp_pipeline_20260517_114412/France50/France50_genetic_comparison.csv

[3/5] Generating local visualizations...
✓ Saved: results/tsp_pipeline_20260517_114412/France50/France50_best_path.png
✓ Saved: results/tsp_pipeline_20260517_114412/France50/France50_comparison_paths.png
✓ Saved: results/tsp_pipeline_20260517_114412/France50/France50_distances.png
Génération des plots pour France50...
✓ Saved: results/tsp_pipeline_20260517_114412/France50/France50_knn_path.png
✓ Saved: results/tsp_pipeline_20260517_114412/France50/France50_two_opt_path.png
✓ Saved: results/tsp_pipeline_20260517_114412/France50/France50_three_opt_path.png
✓ Saved: results/tsp_pipeline_20260517_114412/France50/France50_ag_path.png
✓ Saved: results/tsp_pipeline_20260517_114412/France50/France50_comparison.png
✓ Saved: results/tsp_pipeline_20260517_114412/France50/France50_distances.png
✓ Tous les plots générés pour France50 dans 'results/tsp_pipeline_20260517_114412/France50'

[4/5] Saving summary...
✓ Summary saved: results/tsp_pipeline_20260517_114412/France50/France50_summary.csv

[5/5] Done

============================================================
PROCESSING: France100
============================================================
[1/5] Loading cities from data/fr-100.csv...
✓ 100 cities loaded

[2/5] Running algorithms: knn, 2opt, 3opt, genetic
  [1/4] Running KNN...
results/tsp_pipeline_20260517_114412/France100/France100_knn_results.csv
  [2/4] Running 2OPT...
results/tsp_pipeline_20260517_114412/France100/France100_2opt_results.csv
✓ results/tsp_pipeline_20260517_114412/France100/France100_2opt_comparison.csv
  [3/4] Running 3OPT...
results/tsp_pipeline_20260517_114412/France100/France100_3opt_results.csv
✓ results/tsp_pipeline_20260517_114412/France100/France100_3opt_comparison.csv
  [4/4] Running GENETIC...
results/tsp_pipeline_20260517_114412/France100/France100_genetic_results.csv
✓ results/tsp_pipeline_20260517_114412/France100/France100_genetic_comparison.csv

[3/5] Generating local visualizations...
✓ Saved: results/tsp_pipeline_20260517_114412/France100/France100_best_path.png
✓ Saved: results/tsp_pipeline_20260517_114412/France100/France100_comparison_paths.png
✓ Saved: results/tsp_pipeline_20260517_114412/France100/France100_distances.png
Génération des plots pour France100...
✓ Saved: results/tsp_pipeline_20260517_114412/France100/France100_knn_path.png
✓ Saved: results/tsp_pipeline_20260517_114412/France100/France100_two_opt_path.png
✓ Saved: results/tsp_pipeline_20260517_114412/France100/France100_three_opt_path.png
✓ Saved: results/tsp_pipeline_20260517_114412/France100/France100_ag_path.png
✓ Saved: results/tsp_pipeline_20260517_114412/France100/France100_comparison.png
✓ Saved: results/tsp_pipeline_20260517_114412/France100/France100_distances.png
✓ Tous les plots générés pour France100 dans 'results/tsp_pipeline_20260517_114412/France100'

[4/5] Saving summary...
✓ Summary saved: results/tsp_pipeline_20260517_114412/France100/France100_summary.csv

[5/5] Done

============================================================
PROCESSING: France650
============================================================
[1/5] Loading cities from data/fr.csv...
✓ 625 cities loaded

[2/5] Running algorithms: knn, 2opt, 3opt, genetic
  [1/4] Running KNN...
results/tsp_pipeline_20260517_114412/France650/France650_knn_results.csv
  [2/4] Running 2OPT...
results/tsp_pipeline_20260517_114412/France650/France650_2opt_results.csv
✓ results/tsp_pipeline_20260517_114412/France650/France650_2opt_comparison.csv
  [3/4] Running 3OPT...
results/tsp_pipeline_20260517_114412/France650/France650_3opt_results.csv
✓ results/tsp_pipeline_20260517_114412/France650/France650_3opt_comparison.csv
  [4/4] Running GENETIC...
results/tsp_pipeline_20260517_114412/France650/France650_genetic_results.csv
✓ results/tsp_pipeline_20260517_114412/France650/France650_genetic_comparison.csv

[3/5] Generating local visualizations...
✓ Saved: results/tsp_pipeline_20260517_114412/France650/France650_best_path.png
✓ Saved: results/tsp_pipeline_20260517_114412/France650/France650_comparison_paths.png
✓ Saved: results/tsp_pipeline_20260517_114412/France650/France650_distances.png
Génération des plots pour France650...
✓ Saved: results/tsp_pipeline_20260517_114412/France650/France650_knn_path.png
✓ Saved: results/tsp_pipeline_20260517_114412/France650/France650_two_opt_path.png
✓ Saved: results/tsp_pipeline_20260517_114412/France650/France650_three_opt_path.png
✓ Saved: results/tsp_pipeline_20260517_114412/France650/France650_ag_path.png
✓ Saved: results/tsp_pipeline_20260517_114412/France650/France650_comparison.png
✓ Saved: results/tsp_pipeline_20260517_114412/France650/France650_distances.png
✓ Tous les plots générés pour France650 dans 'results/tsp_pipeline_20260517_114412/France650'

[4/5] Saving summary...
✓ Summary saved: results/tsp_pipeline_20260517_114412/France650/France650_summary.csv

[5/5] Done

Generating global comparison figures...

============================================================
PIPELINE SUMMARY
============================================================
✓ France10
✓ France50
✓ France100
✓ France650

Total time: 6857.33s
Results: results/tsp_pipeline_20260517_114412
